<?xml version="1.0" encoding="UTF-8"?>
<testng-results skipped="0" failed="0" ignored="0" total="1" passed="1">
  <reporter-output>
  </reporter-output>
  <suite name="Default suite" duration-ms="3999" started-at="2023-11-09T07:27:13 IST" finished-at="2023-11-09T07:27:17 IST">
    <groups>
    </groups>
    <test name="Default test" duration-ms="3999" started-at="2023-11-09T07:27:13 IST" finished-at="2023-11-09T07:27:17 IST">
      <class name="testngwaitssy.t2">
        <test-method status="PASS" signature="hs()[pri:0, instance:testngwaitssy.t2@704a52ec]" name="hs" duration-ms="3954" started-at="2023-11-09T07:27:13 IST" finished-at="2023-11-09T07:27:17 IST">
          <reporter-output>
          </reporter-output>
        </test-method> <!-- hs -->
      </class> <!-- testngwaitssy.t2 -->
    </test> <!-- Default test -->
  </suite> <!-- Default suite -->
</testng-results>
